2024-03-07 22:35:10,364 INFO Autotest [main] Open browser
2024-03-07 22:35:15,616 INFO Autotest [main] Login button pressed
2024-03-07 22:35:16,169 INFO Autotest [main] Button Ok
2024-03-07 22:35:18,459 INFO Autotest [main] Authorization completed
2024-03-07 22:35:18,612 INFO Autotest [main] Owl button hovered
2024-03-07 22:36:02,175 INFO Autotest [main] LK is open
2024-03-07 22:36:41,938 INFO Autotest [main] Tab About_Me selected 
2024-03-07 22:36:42,115 INFO Autotest [main] Cleared
2024-03-07 22:36:42,153 INFO Autotest [main] Cleared
2024-03-07 22:36:42,357 INFO Autotest [main] Data is filled in
2024-03-07 22:36:42,426 INFO Autotest [main] Data is filled in
2024-03-07 22:36:42,489 INFO Autotest [main] Data is filled in
2024-03-07 22:36:42,553 INFO Autotest [main] Data is filled in
2024-03-07 22:36:42,621 INFO Autotest [main] Data is filled in
2024-03-07 22:36:42,788 INFO Autotest [main] Data is filled in
2024-03-07 22:36:42,982 INFO Autotest [main] Country selected
2024-03-07 22:37:03,250 INFO Autotest [main] City selected
2024-03-07 22:37:03,401 INFO Autotest [main] Level English selected
2024-03-07 22:37:03,463 INFO Autotest [main] Check relocate
2024-03-07 22:37:03,541 INFO Autotest [main] Check work mode
2024-03-07 22:37:23,761 INFO Autotest [main] Gender selected
2024-03-07 22:37:23,861 INFO Autotest [main] Other data is filled in
2024-03-07 22:37:23,932 INFO Autotest [main] Other data is filled in
2024-03-07 22:37:24,179 INFO Autotest [main] Phone number provided 
2024-03-07 22:37:24,252 INFO Autotest [main] Form added
2024-03-07 22:37:24,481 INFO Autotest [main] Phone number provided 
2024-03-07 22:37:24,539 INFO Autotest [main] Form added
2024-03-07 22:37:24,784 INFO Autotest [main] Phone number provided 
2024-03-07 22:38:07,715 INFO Autotest [main] Data saved
2024-03-07 22:38:07,956 INFO Autotest [main] Close browser
2024-03-07 22:40:48,489 INFO Autotest [main] Open browser
2024-03-07 22:40:54,288 INFO Autotest [main] Login button pressed
2024-03-07 22:40:54,811 INFO Autotest [main] Button Ok
2024-03-07 22:40:56,954 INFO Autotest [main] Authorization completed
2024-03-07 22:40:57,085 INFO Autotest [main] Owl button hovered
2024-03-07 22:41:40,287 INFO Autotest [main] LK is open
2024-03-07 22:42:23,024 INFO Autotest [main] Tab About_Me selected 
2024-03-07 22:42:23,585 INFO Autotest [main] Close browser
